<?xml version="1.0" encoding="UTF-8"?>
<testsuite name="MyTest" tests="1" skipped="0" failures="0" errors="0" timestamp="2020-01-31T15:28:36" hostname="EPUALVIW0948" time="18.861">
  <properties/>
  <testcase name="name()" classname="MyTest" time="18.861"/>
  <system-out><![CDATA[Home - BBC Sport
]]></system-out>
  <system-err><![CDATA[Starting ChromeDriver 79.0.3945.36 (3582db32b33893869b8c1339e8f4d9ed1816f143-refs/branch-heads/3945@{#614}) on port 8238
Only local connections are allowed.
Please protect ports used by ChromeDriver and related test frameworks to prevent access by malicious code.
[1580484520.307][WARNING]: Timed out connecting to Chrome, retrying...
Jan 31, 2020 5:28:42 PM org.openqa.selenium.remote.ProtocolHandshake createSession
INFO: Detected dialect: W3C
[1580484524.382][WARNING]: Timed out connecting to Chrome, retrying...
]]></system-err>
</testsuite>
