<?xml version="1.0" encoding="UTF-8"?>
<testsuite name="MyTest" tests="1" skipped="0" failures="0" errors="0" timestamp="2020-02-03T16:42:49" hostname="EPUALVIW0948" time="15.211">
  <properties/>
  <testcase name="test()" classname="MyTest" time="15.211"/>
  <system-out><![CDATA[Home - BBC Sport
Formula 1 - BBC Sport
]]></system-out>
  <system-err><![CDATA[Starting ChromeDriver 79.0.3945.36 (3582db32b33893869b8c1339e8f4d9ed1816f143-refs/branch-heads/3945@{#614}) on port 30147
Only local connections are allowed.
Please protect ports used by ChromeDriver and related test frameworks to prevent access by malicious code.
[1580748173.109][WARNING]: Timed out connecting to Chrome, retrying...
Feb 03, 2020 6:42:55 PM org.openqa.selenium.remote.ProtocolHandshake createSession
INFO: Detected dialect: W3C
[1580748177.169][WARNING]: Timed out connecting to Chrome, retrying...
]]></system-err>
</testsuite>
